
> bd-calling-interview-task@0.1.0 build
> next build

  ▲ Next.js 15.0.0
  - Environments: .env

   Creating an optimized production build ...
 ✓ Compiled successfully
   Linting and checking validity of types ...

./src/app/blog/[id]/BlogDetails.jsx
86:6  Warning: React Hook useEffect has an unnecessary dependency: 'imageUrl'. Either exclude it or remove the dependency array. Outer scope values like 'imageUrl' aren't valid dependencies because mutating them doesn't re-render the component.  react-hooks/exhaustive-deps

./src/components/ProtectedRoute.js
83:6  Warning: React Hook useEffect has missing dependencies: 'adds' and 'isPrivate'. Either include them or remove the dependency array.  react-hooks/exhaustive-deps

info  - Need to disable some ESLint rules? Learn more here: https://nextjs.org/docs/basic-features/eslint#disabling-rules
   Collecting page data ...
   Generating static pages (0/70) ...
undefined
undefined
false
undefined
false
undefined
undefined
   Generating static pages (17/70) 
undefined
undefined
   Generating static pages (34/70) 
undefined
undefined
undefined
undefined
   Generating static pages (52/70) 
undefined
undefined
undefined
undefined
 ✓ Generating static pages (70/70)
   Finalizing page optimization ...
   Collecting build traces ...
Terminate batch job (Y/N)? Terminate batch job (Y/N)? Terminate batch job (Y/N)? 